<?xml version="1.0" encoding="UTF-8" standalone="no"?>
<!DOCTYPE log SYSTEM "logger.dtd">
<log>
<record>
  <date>2023-11-20T08:54:17</date>
  <millis>1700430857655</millis>
  <sequence>0</sequence>
  <level>START</level>
  <class>com.kms.katalon.core.logging.XmlKeywordLogger</class>
  <method>startSuite</method>
  <thread>1</thread>
  <message>Start Test Suite : Test Suites/STM-2485</message>
  <nestedLevel>0</nestedLevel>
  <escapedJava>false</escapedJava>
  <property name="rerunTestFailImmediately">false</property>
  <property name="retryCount">0</property>
  <property name="name">STM-2485</property>
  <property name="description"></property>
  <property name="id">Test Suites/STM-2485</property>
</record>
<record>
  <date>2023-11-20T08:54:17</date>
  <millis>1700430857669</millis>
  <sequence>1</sequence>
  <level>RUN_DATA</level>
  <class>com.kms.katalon.core.logging.XmlKeywordLogger</class>
  <method>logMessage</method>
  <thread>1</thread>
  <message>hostName = HamidSamavat - DESKTOP-BG27TAB</message>
  <nestedLevel>0</nestedLevel>
  <escapedJava>false</escapedJava>
  <property name="hostName">HamidSamavat - DESKTOP-BG27TAB</property>
</record>
<record>
  <date>2023-11-20T08:54:17</date>
  <millis>1700430857669</millis>
  <sequence>2</sequence>
  <level>RUN_DATA</level>
  <class>com.kms.katalon.core.logging.XmlKeywordLogger</class>
  <method>logMessage</method>
  <thread>1</thread>
  <message>os = Windows 10 64bit</message>
  <nestedLevel>0</nestedLevel>
  <escapedJava>false</escapedJava>
  <property name="os">Windows 10 64bit</property>
</record>
<record>
  <date>2023-11-20T08:54:17</date>
  <millis>1700430857670</millis>
  <sequence>3</sequence>
  <level>RUN_DATA</level>
  <class>com.kms.katalon.core.logging.XmlKeywordLogger</class>
  <method>logMessage</method>
  <thread>1</thread>
  <message>hostAddress = 192.168.1.127</message>
  <nestedLevel>0</nestedLevel>
  <escapedJava>false</escapedJava>
  <property name="hostAddress">192.168.1.127</property>
</record>
<record>
  <date>2023-11-20T08:54:17</date>
  <millis>1700430857670</millis>
  <sequence>4</sequence>
  <level>RUN_DATA</level>
  <class>com.kms.katalon.core.logging.XmlKeywordLogger</class>
  <method>logMessage</method>
  <thread>1</thread>
  <message>katalonVersion = 8.6.8.208</message>
  <nestedLevel>0</nestedLevel>
  <escapedJava>false</escapedJava>
  <property name="katalonVersion">8.6.8.208</property>
</record>
<record>
  <date>2023-11-20T08:54:18</date>
  <millis>1700430858040</millis>
  <sequence>5</sequence>
  <level>START</level>
  <class>com.kms.katalon.core.logging.XmlKeywordLogger</class>
  <method>startTest</method>
  <thread>1</thread>
  <message>Start Test Case : Test Cases/Concession-Managment/STM-2485/STM-2485-Iteration1-BDD</message>
  <nestedLevel>1</nestedLevel>
  <escapedJava>false</escapedJava>
  <property name="name">Test Cases/Concession-Managment/STM-2485/STM-2485-Iteration1-BDD</property>
  <property name="description"></property>
  <property name="iteration"></property>
  <property name="id">Test Cases/Concession-Managment/STM-2485/STM-2485-Iteration1-BDD</property>
  <property name="source">C:\Users\HamidSamavat\Desktop\Katalon\Salesforce-MFA-Login-main\Salesforce-MFA-Login-main\Test Cases\Concession-Managment\STM-2485\STM-2485-Iteration1-BDD.tc</property>
  <property name="tag"></property>
  <property name="isOptional">false</property>
</record>
<record>
  <date>2023-11-20T08:54:18</date>
  <millis>1700430858408</millis>
  <sequence>7</sequence>
  <level>START</level>
  <class>com.kms.katalon.core.logging.XmlKeywordLogger</class>
  <method>startKeyword</method>
  <thread>1</thread>
  <message>Start action : runFeatureFile(&amp;quot;Include/features/Concession Management/Iteration1.feature&amp;quot;)</message>
  <nestedLevel>1</nestedLevel>
  <escapedJava>false</escapedJava>
  <property name="startLine">20</property>
  <property name="stepIndex">1</property>
</record>
<record>
  <date>2023-11-20T08:54:18</date>
  <millis>1700430858470</millis>
  <sequence>8</sequence>
  <level>INFO</level>
  <class>com.kms.katalon.core.logging.XmlKeywordLogger</class>
  <method>logMessage</method>
  <thread>1</thread>
  <message>Starting run keyword runFeatureFile: &amp;apos;Include/features/Concession Management/Iteration1.feature&amp;apos; and extract report to folder: &amp;apos;C:\Users\HamidSamavat\Desktop\Katalon\Salesforce-MFA-Login-main\Salesforce-MFA-Login-main\Reports\20231120_085413\STM-2485\20231120_085414/cucumber_report/1700430858459&amp;apos;...</message>
  <nestedLevel>1</nestedLevel>
  <escapedJava>false</escapedJava>
</record>
<record>
  <date>2023-11-20T08:54:19</date>
  <millis>1700430859314</millis>
  <sequence>10</sequence>
  <level>START</level>
  <class>com.kms.katalon.core.logging.XmlKeywordLogger</class>
  <method>startTest</method>
  <thread>1</thread>
  <message>Start Test Case : SCENARIO Concession loaded successfully</message>
  <nestedLevel>2</nestedLevel>
  <escapedJava>false</escapedJava>
  <property name="BDD_TESTCASE_TYPE">scenario</property>
  <property name="BDD_TESTCASE_DESCRIPTION"></property>
  <property name="BDD_TESTCASE_LINE">28</property>
  <property name="BDD_TESTRUN_UUID">17eb0ef6-872d-4b07-a8dd-835267706540</property>
  <property name="BDD_TESTCASE_NAME">Concession loaded successfully</property>
  <property name="BDD_FEATURE_NAME">Concession Management</property>
</record>
<record>
  <date>2023-11-20T08:54:19</date>
  <millis>1700430859316</millis>
  <sequence>11</sequence>
  <level>START</level>
  <class>com.kms.katalon.core.logging.XmlKeywordLogger</class>
  <method>startKeyword</method>
  <thread>1</thread>
  <message>Start action : I open a browser and after I max window I navigate to SF homepage</message>
  <nestedLevel>2</nestedLevel>
  <escapedJava>false</escapedJava>
  <property name="BDD_STEP_LINE">5</property>
  <property name="BDD_STEP_NAME">I open a browser and after I max window I navigate to SF homepage</property>
  <property name="BDD_STEP_KEYWORD">Given </property>
  <property name="BDD_STEP_UUID">560e75a0-f74a-41be-82c7-f5e97295941f</property>
</record>
<record>
  <date>2023-11-20T08:54:19</date>
  <millis>1700430859655</millis>
  <sequence>13</sequence>
  <level>INFO</level>
  <class>com.kms.katalon.core.logging.XmlKeywordLogger</class>
  <method>logMessage</method>
  <thread>1</thread>
  <message>Starting &amp;apos;Chrome&amp;apos; driver</message>
  <nestedLevel>2</nestedLevel>
  <escapedJava>false</escapedJava>
</record>
<record>
  <date>2023-11-20T08:54:19</date>
  <millis>1700430859707</millis>
  <sequence>15</sequence>
  <level>INFO</level>
  <class>com.kms.katalon.core.logging.XmlKeywordLogger</class>
  <method>logMessage</method>
  <thread>1</thread>
  <message>Action delay is set to 0 milliseconds</message>
  <nestedLevel>2</nestedLevel>
  <escapedJava>false</escapedJava>
</record>
</log>